# JRE version: OpenJDK Runtime Environment Temurin-21.0.9+10 (21.0.9+10) (build 21.0.9+10-LTS)
# Java VM: OpenJDK 64-Bit Server VM Temurin-21.0.9+10 (21.0.9+10-LTS, mixed mode, sharing, tiered, compressed oops, compressed class ptrs, parallel gc, windows-amd64)
GC Precious Log:
 CardTable entry size: 512
 CPUs: 12 total, 12 available
 Memory: 16108M
 Large Page Support: Disabled
 NUMA Support: Disabled
 Compressed Oops: Enabled (32-bit)
 Alignments: Space 512K, Generation 512K, Heap 2M
 Heap Min Capacity: 100M
 Heap Initial Capacity: 100M
 Heap Max Capacity: 2G
 Pre-touch: Disabled
 Parallel Workers: 10
Heap:
 PSYoungGen      total 20992K, used 1415K [0x00000000d5580000, 0x00000000d6d00000, 0x0000000100000000)
  eden space 19968K, 1% used [0x00000000d5580000,0x00000000d55e1f18,0x00000000d6900000)
  from space 1024K, 100% used [0x00000000d6980000,0x00000000d6a80000,0x00000000d6a80000)
  to   space 2048K, 0% used [0x00000000d6b00000,0x00000000d6b00000,0x00000000d6d00000)
 ParOldGen       total 68608K, used 34886K [0x0000000080000000, 0x0000000084300000, 0x00000000d5580000)
  object space 68608K, 50% used [0x0000000080000000,0x0000000082211848,0x0000000084300000)
 Metaspace       used 43225K, committed 44288K, reserved 1114112K
  class space    used 4286K, committed 4736K, reserved 1048576K
GC Heap History (20 events):
Event: 2.798 GC heap before
{Heap before GC invocations=22 (full 2):
 PSYoungGen      total 21504K, used 20480K [0x00000000d5580000, 0x00000000d6c00000, 0x0000000100000000)
  eden space 20480K, 100% used [0x00000000d5580000,0x00000000d6980000,0x00000000d6980000)
  from space 1024K, 0% used [0x00000000d6a00000,0x00000000d6a00000,0x00000000d6b00000)
  to   space 512K, 0% used [0x00000000d6b80000,0x00000000d6b80000,0x00000000d6c00000)
 ParOldGen       total 68608K, used 28028K [0x0000000080000000, 0x0000000084300000, 0x00000000d5580000)
  object space 68608K, 40% used [0x0000000080000000,0x0000000081b5f230,0x0000000084300000)
 Metaspace       used 36704K, committed 37632K, reserved 1114112K
  class space    used 3749K, committed 4160K, reserved 1048576K
}
Event: 2.800 GC heap after
{Heap after GC invocations=22 (full 2):
 PSYoungGen      total 20480K, used 497K [0x00000000d5580000, 0x00000000d6e80000, 0x0000000100000000)
  eden space 19968K, 0% used [0x00000000d5580000,0x00000000d5580000,0x00000000d6900000)
  from space 512K, 97% used [0x00000000d6b80000,0x00000000d6bfc5e8,0x00000000d6c00000)
  to   space 2560K, 0% used [0x00000000d6900000,0x00000000d6900000,0x00000000d6b80000)
 ParOldGen       total 68608K, used 29430K [0x0000000080000000, 0x0000000084300000, 0x00000000d5580000)
  object space 68608K, 42% used [0x0000000080000000,0x0000000081cbd868,0x0000000084300000)
 Metaspace       used 36704K, committed 37632K, reserved 1114112K
  class space    used 3749K, committed 4160K, reserved 1048576K
}
Event: 2.828 GC heap before
{Heap before GC invocations=23 (full 2):
 PSYoungGen      total 20480K, used 20465K [0x00000000d5580000, 0x00000000d6e80000, 0x0000000100000000)
  eden space 19968K, 100% used [0x00000000d5580000,0x00000000d6900000,0x00000000d6900000)
  from space 512K, 97% used [0x00000000d6b80000,0x00000000d6bfc5e8,0x00000000d6c00000)
  to   space 2560K, 0% used [0x00000000d6900000,0x00000000d6900000,0x00000000d6b80000)
 ParOldGen       total 68608K, used 29430K [0x0000000080000000, 0x0000000084300000, 0x00000000d5580000)
  object space 68608K, 42% used [0x0000000080000000,0x0000000081cbd868,0x0000000084300000)
 Metaspace       used 36720K, committed 37696K, reserved 1114112K
  class space    used 3749K, committed 4160K, reserved 1048576K
}
Event: 2.828 GC heap after
{Heap after GC invocations=23 (full 2):
 PSYoungGen      total 20992K, used 1001K [0x00000000d5580000, 0x00000000d6c00000, 0x0000000100000000)
  eden space 19968K, 0% used [0x00000000d5580000,0x00000000d5580000,0x00000000d6900000)
  from space 1024K, 97% used [0x00000000d6900000,0x00000000d69fa7d8,0x00000000d6a00000)
  to   space 1536K, 0% used [0x00000000d6a80000,0x00000000d6a80000,0x00000000d6c00000)
 ParOldGen       total 68608K, used 29927K [0x0000000080000000, 0x0000000084300000, 0x00000000d5580000)
  object space 68608K, 43% used [0x0000000080000000,0x0000000081d39d88,0x0000000084300000)
 Metaspace       used 36720K, committed 37696K, reserved 1114112K
  class space    used 3749K, committed 4160K, reserved 1048576K
}
Event: 3.436 GC heap before
{Heap before GC invocations=24 (full 2):
 PSYoungGen      total 20992K, used 20969K [0x00000000d5580000, 0x00000000d6c00000, 0x0000000100000000)
  eden space 19968K, 100% used [0x00000000d5580000,0x00000000d6900000,0x00000000d6900000)
  from space 1024K, 97% used [0x00000000d6900000,0x00000000d69fa7d8,0x00000000d6a00000)
  to   space 1536K, 0% used [0x00000000d6a80000,0x00000000d6a80000,0x00000000d6c00000)
 ParOldGen       total 68608K, used 29927K [0x0000000080000000, 0x0000000084300000, 0x00000000d5580000)
  object space 68608K, 43% used [0x0000000080000000,0x0000000081d39d88,0x0000000084300000)
 Metaspace       used 38441K, committed 39360K, reserved 1114112K
  class space    used 3895K, committed 4288K, reserved 1048576K
}
Event: 3.436 GC heap after
{Heap after GC invocations=24 (full 2):
 PSYoungGen      total 20992K, used 608K [0x00000000d5580000, 0x00000000d6b80000, 0x0000000100000000)
  eden space 19968K, 0% used [0x00000000d5580000,0x00000000d5580000,0x00000000d6900000)
  from space 1024K, 59% used [0x00000000d6a80000,0x00000000d6b18000,0x00000000d6b80000)
  to   space 1024K, 0% used [0x00000000d6900000,0x00000000d6900000,0x00000000d6a00000)
 ParOldGen       total 68608K, used 29975K [0x0000000080000000, 0x0000000084300000, 0x00000000d5580000)
  object space 68608K, 43% used [0x0000000080000000,0x0000000081d45d88,0x0000000084300000)
 Metaspace       used 38441K, committed 39360K, reserved 1114112K
  class space    used 3895K, committed 4288K, reserved 1048576K
}
Event: 4.127 GC heap before
{Heap before GC invocations=25 (full 2):
 PSYoungGen      total 20992K, used 20575K [0x00000000d5580000, 0x00000000d6b80000, 0x0000000100000000)
  eden space 19968K, 99% used [0x00000000d5580000,0x00000000d68ffff8,0x00000000d6900000)
  from space 1024K, 59% used [0x00000000d6a80000,0x00000000d6b18000,0x00000000d6b80000)
  to   space 1024K, 0% used [0x00000000d6900000,0x00000000d6900000,0x00000000d6a00000)
 ParOldGen       total 68608K, used 29975K [0x0000000080000000, 0x0000000084300000, 0x00000000d5580000)
  object space 68608K, 43% used [0x0000000080000000,0x0000000081d45d88,0x0000000084300000)
 Metaspace       used 41232K, committed 42176K, reserved 1114112K
  class space    used 4160K, committed 4544K, reserved 1048576K
}
Event: 4.128 GC heap after
{Heap after GC invocations=25 (full 2):
 PSYoungGen      total 20992K, used 999K [0x00000000d5580000, 0x00000000d6f00000, 0x0000000100000000)
  eden space 19968K, 0% used [0x00000000d5580000,0x00000000d5580000,0x00000000d6900000)
  from space 1024K, 97% used [0x00000000d6900000,0x00000000d69f9ec0,0x00000000d6a00000)
  to   space 3072K, 0% used [0x00000000d6c00000,0x00000000d6c00000,0x00000000d6f00000)
 ParOldGen       total 68608K, used 31374K [0x0000000080000000, 0x0000000084300000, 0x00000000d5580000)
  object space 68608K, 45% used [0x0000000080000000,0x0000000081ea3848,0x0000000084300000)
 Metaspace       used 41232K, committed 42176K, reserved 1114112K
  class space    used 4160K, committed 4544K, reserved 1048576K
}
Event: 4.380 GC heap before
{Heap before GC invocations=26 (full 2):
 PSYoungGen      total 20992K, used 20967K [0x00000000d5580000, 0x00000000d6f00000, 0x0000000100000000)
  eden space 19968K, 100% used [0x00000000d5580000,0x00000000d6900000,0x00000000d6900000)
  from space 1024K, 97% used [0x00000000d6900000,0x00000000d69f9ec0,0x00000000d6a00000)
  to   space 3072K, 0% used [0x00000000d6c00000,0x00000000d6c00000,0x00000000d6f00000)
 ParOldGen       total 68608K, used 31374K [0x0000000080000000, 0x0000000084300000, 0x00000000d5580000)
  object space 68608K, 45% used [0x0000000080000000,0x0000000081ea3848,0x0000000084300000)
 Metaspace       used 41959K, committed 42880K, reserved 1114112K
  class space    used 4226K, committed 4608K, reserved 1048576K
}
Event: 4.381 GC heap after
{Heap after GC invocations=26 (full 2):
 PSYoungGen      total 21504K, used 1369K [0x00000000d5580000, 0x00000000d6d80000, 0x0000000100000000)
  eden space 19968K, 0% used [0x00000000d5580000,0x00000000d5580000,0x00000000d6900000)
  from space 1536K, 89% used [0x00000000d6c00000,0x00000000d6d56470,0x00000000d6d80000)
  to   space 2048K, 0% used [0x00000000d6980000,0x00000000d6980000,0x00000000d6b80000)
 ParOldGen       total 68608K, used 32270K [0x0000000080000000, 0x0000000084300000, 0x00000000d5580000)
  object space 68608K, 47% used [0x0000000080000000,0x0000000081f83818,0x0000000084300000)
 Metaspace       used 41959K, committed 42880K, reserved 1114112K
  class space    used 4226K, committed 4608K, reserved 1048576K
}
Event: 4.580 GC heap before
{Heap before GC invocations=27 (full 2):
 PSYoungGen      total 21504K, used 21337K [0x00000000d5580000, 0x00000000d6d80000, 0x0000000100000000)
  eden space 19968K, 100% used [0x00000000d5580000,0x00000000d6900000,0x00000000d6900000)
  from space 1536K, 89% used [0x00000000d6c00000,0x00000000d6d56470,0x00000000d6d80000)
  to   space 2048K, 0% used [0x00000000d6980000,0x00000000d6980000,0x00000000d6b80000)
 ParOldGen       total 68608K, used 32270K [0x0000000080000000, 0x0000000084300000, 0x00000000d5580000)
  object space 68608K, 47% used [0x0000000080000000,0x0000000081f83818,0x0000000084300000)
 Metaspace       used 42319K, committed 43328K, reserved 1114112K
  class space    used 4241K, committed 4672K, reserved 1048576K
}
Event: 4.582 GC heap after
{Heap after GC invocations=27 (full 2):
 PSYoungGen      total 21504K, used 1168K [0x00000000d5580000, 0x00000000d6c80000, 0x0000000100000000)
  eden space 19968K, 0% used [0x00000000d5580000,0x00000000d5580000,0x00000000d6900000)
  from space 1536K, 76% used [0x00000000d6980000,0x00000000d6aa4010,0x00000000d6b00000)
  to   space 1536K, 0% used [0x00000000d6b00000,0x00000000d6b00000,0x00000000d6c80000)
 ParOldGen       total 68608K, used 33447K [0x0000000080000000, 0x0000000084300000, 0x00000000d5580000)
  object space 68608K, 48% used [0x0000000080000000,0x00000000820a9ed8,0x0000000084300000)
 Metaspace       used 42319K, committed 43328K, reserved 1114112K
  class space    used 4241K, committed 4672K, reserved 1048576K
}
Event: 4.749 GC heap before
{Heap before GC invocations=28 (full 2):
 PSYoungGen      total 21504K, used 21136K [0x00000000d5580000, 0x00000000d6c80000, 0x0000000100000000)
  eden space 19968K, 100% used [0x00000000d5580000,0x00000000d6900000,0x00000000d6900000)
  from space 1536K, 76% used [0x00000000d6980000,0x00000000d6aa4010,0x00000000d6b00000)
  to   space 1536K, 0% used [0x00000000d6b00000,0x00000000d6b00000,0x00000000d6c80000)
 ParOldGen       total 68608K, used 33447K [0x0000000080000000, 0x0000000084300000, 0x00000000d5580000)
  object space 68608K, 48% used [0x0000000080000000,0x00000000820a9ed8,0x0000000084300000)
 Metaspace       used 42550K, committed 43520K, reserved 1114112K
  class space    used 4246K, committed 4672K, reserved 1048576K
}
Event: 4.750 GC heap after
{Heap after GC invocations=28 (full 2):
 PSYoungGen      total 20480K, used 512K [0x00000000d5580000, 0x00000000d6b80000, 0x0000000100000000)
  eden space 19968K, 0% used [0x00000000d5580000,0x00000000d5580000,0x00000000d6900000)
  from space 512K, 100% used [0x00000000d6b00000,0x00000000d6b80000,0x00000000d6b80000)
  to   space 1024K, 0% used [0x00000000d6980000,0x00000000d6980000,0x00000000d6a80000)
 ParOldGen       total 68608K, used 33940K [0x0000000080000000, 0x0000000084300000, 0x00000000d5580000)
  object space 68608K, 49% used [0x0000000080000000,0x0000000082125380,0x0000000084300000)
 Metaspace       used 42550K, committed 43520K, reserved 1114112K
  class space    used 4246K, committed 4672K, reserved 1048576K
}
Event: 4.896 GC heap before
{Heap before GC invocations=29 (full 2):
 PSYoungGen      total 20480K, used 20480K [0x00000000d5580000, 0x00000000d6b80000, 0x0000000100000000)
  eden space 19968K, 100% used [0x00000000d5580000,0x00000000d6900000,0x00000000d6900000)
  from space 512K, 100% used [0x00000000d6b00000,0x00000000d6b80000,0x00000000d6b80000)
  to   space 1024K, 0% used [0x00000000d6980000,0x00000000d6980000,0x00000000d6a80000)
 ParOldGen       total 68608K, used 33940K [0x0000000080000000, 0x0000000084300000, 0x00000000d5580000)
  object space 68608K, 49% used [0x0000000080000000,0x0000000082125380,0x0000000084300000)
 Metaspace       used 42978K, committed 43968K, reserved 1114112K
  class space    used 4283K, committed 4672K, reserved 1048576K
}
Event: 4.897 GC heap after
{Heap after GC invocations=29 (full 2):
 PSYoungGen      total 20992K, used 560K [0x00000000d5580000, 0x00000000d6b80000, 0x0000000100000000)
  eden space 19968K, 0% used [0x00000000d5580000,0x00000000d5580000,0x00000000d6900000)
  from space 1024K, 54% used [0x00000000d6980000,0x00000000d6a0c010,0x00000000d6a80000)
  to   space 1024K, 0% used [0x00000000d6a80000,0x00000000d6a80000,0x00000000d6b80000)
 ParOldGen       total 68608K, used 34171K [0x0000000080000000, 0x0000000084300000, 0x00000000d5580000)
  object space 68608K, 49% used [0x0000000080000000,0x000000008215ed40,0x0000000084300000)
 Metaspace       used 42978K, committed 43968K, reserved 1114112K
  class space    used 4283K, committed 4672K, reserved 1048576K
}
Event: 4.999 GC heap before
{Heap before GC invocations=30 (full 2):
 PSYoungGen      total 20992K, used 20528K [0x00000000d5580000, 0x00000000d6b80000, 0x0000000100000000)
  eden space 19968K, 100% used [0x00000000d5580000,0x00000000d6900000,0x00000000d6900000)
  from space 1024K, 54% used [0x00000000d6980000,0x00000000d6a0c010,0x00000000d6a80000)
  to   space 1024K, 0% used [0x00000000d6a80000,0x00000000d6a80000,0x00000000d6b80000)
 ParOldGen       total 68608K, used 34171K [0x0000000080000000, 0x0000000084300000, 0x00000000d5580000)
  object space 68608K, 49% used [0x0000000080000000,0x000000008215ed40,0x0000000084300000)
 Metaspace       used 43070K, committed 44032K, reserved 1114112K
  class space    used 4283K, committed 4672K, reserved 1048576K
}
Event: 5.000 GC heap after
{Heap after GC invocations=30 (full 2):
 PSYoungGen      total 20992K, used 608K [0x00000000d5580000, 0x00000000d6b80000, 0x0000000100000000)
  eden space 19968K, 0% used [0x00000000d5580000,0x00000000d5580000,0x00000000d6900000)
  from space 1024K, 59% used [0x00000000d6a80000,0x00000000d6b18000,0x00000000d6b80000)
  to   space 1024K, 0% used [0x00000000d6980000,0x00000000d6980000,0x00000000d6a80000)
 ParOldGen       total 68608K, used 34383K [0x0000000080000000, 0x0000000084300000, 0x00000000d5580000)
  object space 68608K, 50% used [0x0000000080000000,0x0000000082193dc8,0x0000000084300000)
 Metaspace       used 43070K, committed 44032K, reserved 1114112K
  class space    used 4283K, committed 4672K, reserved 1048576K
}
Event: 5.097 GC heap before
{Heap before GC invocations=31 (full 2):
 PSYoungGen      total 20992K, used 20576K [0x00000000d5580000, 0x00000000d6b80000, 0x0000000100000000)
  eden space 19968K, 100% used [0x00000000d5580000,0x00000000d6900000,0x00000000d6900000)
  from space 1024K, 59% used [0x00000000d6a80000,0x00000000d6b18000,0x00000000d6b80000)
  to   space 1024K, 0% used [0x00000000d6980000,0x00000000d6980000,0x00000000d6a80000)
 ParOldGen       total 68608K, used 34383K [0x0000000080000000, 0x0000000084300000, 0x00000000d5580000)
  object space 68608K, 50% used [0x0000000080000000,0x0000000082193dc8,0x0000000084300000)
 Metaspace       used 43201K, committed 44224K, reserved 1114112K
  class space    used 4285K, committed 4736K, reserved 1048576K
}
Event: 5.098 GC heap after
{Heap after GC invocations=31 (full 2):
 PSYoungGen      total 20992K, used 1024K [0x00000000d5580000, 0x00000000d6d00000, 0x0000000100000000)
  eden space 19968K, 0% used [0x00000000d5580000,0x00000000d5580000,0x00000000d6900000)
  from space 1024K, 100% used [0x00000000d6980000,0x00000000d6a80000,0x00000000d6a80000)
  to   space 2048K, 0% used [0x00000000d6b00000,0x00000000d6b00000,0x00000000d6d00000)
 ParOldGen       total 68608K, used 34886K [0x0000000080000000, 0x0000000084300000, 0x00000000d5580000)
  object space 68608K, 50% used [0x0000000080000000,0x0000000082211848,0x0000000084300000)
 Metaspace       used 43201K, committed 44224K, reserved 1114112K
  class space    used 4285K, committed 4736K, reserved 1048576K
}

